<?xml version="1.0"?>
<?mso-application progid="Excel.Sheet"?>
<Workbook xmlns="urn:schemas-microsoft-com:office:spreadsheet"
 xmlns:o="urn:schemas-microsoft-com:office:office"
 xmlns:x="urn:schemas-microsoft-com:office:excel"
 xmlns:ss="urn:schemas-microsoft-com:office:spreadsheet"
 xmlns:html="http://www.w3.org/TR/REC-html40">
 <DocumentProperties xmlns="urn:schemas-microsoft-com:office:office">
  <Author>Алексей Тыквинский</Author>
  <LastAuthor>Алексей Тыквинский</LastAuthor>
  <Created>2024-05-05T04:29:00Z</Created>
  <LastSaved>2024-05-05T04:29:17Z</LastSaved>
  <Version>16.00</Version>
 </DocumentProperties>
 <OfficeDocumentSettings xmlns="urn:schemas-microsoft-com:office:office">
  <AllowPNG/>
 </OfficeDocumentSettings>
 <ExcelWorkbook xmlns="urn:schemas-microsoft-com:office:excel">
  <WindowHeight>8371</WindowHeight>
  <WindowWidth>22267</WindowWidth>
  <WindowTopX>32767</WindowTopX>
  <WindowTopY>32767</WindowTopY>
  <ActiveSheet>2</ActiveSheet>
  <ProtectStructure>False</ProtectStructure>
  <ProtectWindows>False</ProtectWindows>
 </ExcelWorkbook>
 <Styles>
  <Style ss:ID="Default" ss:Name="Normal">
   <Alignment ss:Vertical="Bottom"/>
   <Borders/>
   <Font ss:FontName="Calibri" x:CharSet="204" x:Family="Swiss" ss:Size="11"
    ss:Color="#000000"/>
   <Interior/>
   <NumberFormat/>
   <Protection/>
  </Style>
  <Style ss:ID="s62">
   <Alignment ss:Horizontal="Center" ss:Vertical="Center"/>
  </Style>
 </Styles>
 <Worksheet ss:Name="List-1">
  <Table ss:ExpandedColumnCount="3" ss:ExpandedRowCount="9" x:FullColumns="1"
   x:FullRows="1" ss:DefaultColumnWidth="51.512195121951223"
   ss:DefaultRowHeight="14.487804878048781">
   <Column ss:StyleID="s62" ss:Span="2"/>
   <Row ss:AutoFitHeight="0">
    <Cell><Data ss:Type="String">A</Data></Cell>
    <Cell><Data ss:Type="String">B</Data></Cell>
    <Cell><Data ss:Type="String">C</Data></Cell>
   </Row>
   <Row ss:AutoFitHeight="0">
    <Cell><Data ss:Type="Number">1</Data></Cell>
    <Cell ss:Formula="=ABS(RC[-1]*3)"><Data ss:Type="Number">3</Data></Cell>
    <Cell ss:Formula="=MAX(RC[-2],RC[-1])"><Data ss:Type="Number">3</Data></Cell>
   </Row>
   <Row ss:AutoFitHeight="0">
    <Cell ss:Formula="=R[-1]C+2"><Data ss:Type="Number">3</Data></Cell>
    <Cell ss:Formula="=ABS(RC[-1]*3)"><Data ss:Type="Number">9</Data></Cell>
    <Cell ss:Formula="=MAX(RC[-2],RC[-1])"><Data ss:Type="Number">9</Data></Cell>
   </Row>
   <Row ss:AutoFitHeight="0">
    <Cell ss:Formula="=R[-1]C+2"><Data ss:Type="Number">5</Data></Cell>
    <Cell ss:Formula="=ABS(RC[-1]*3)"><Data ss:Type="Number">15</Data></Cell>
    <Cell ss:Formula="=MAX(RC[-2],RC[-1])"><Data ss:Type="Number">15</Data></Cell>
   </Row>
   <Row ss:AutoFitHeight="0">
    <Cell ss:Formula="=R[-1]C+2"><Data ss:Type="Number">7</Data></Cell>
    <Cell ss:Formula="=ABS(RC[-1]*3)"><Data ss:Type="Number">21</Data></Cell>
    <Cell ss:Formula="=MAX(RC[-2],RC[-1])"><Data ss:Type="Number">21</Data></Cell>
   </Row>
   <Row ss:AutoFitHeight="0">
    <Cell ss:Formula="=R[-1]C+2"><Data ss:Type="Number">9</Data></Cell>
    <Cell ss:Formula="=ABS(RC[-1]*3)"><Data ss:Type="Number">27</Data></Cell>
    <Cell ss:Formula="=MAX(RC[-2],RC[-1])"><Data ss:Type="Number">27</Data></Cell>
   </Row>
   <Row ss:AutoFitHeight="0">
    <Cell ss:Formula="=R[-1]C+2"><Data ss:Type="Number">11</Data></Cell>
    <Cell ss:Formula="=ABS(RC[-1]*3)"><Data ss:Type="Number">33</Data></Cell>
    <Cell ss:Formula="=MAX(RC[-2],RC[-1])"><Data ss:Type="Number">33</Data></Cell>
   </Row>
   <Row ss:AutoFitHeight="0">
    <Cell ss:Formula="=R[-1]C+2"><Data ss:Type="Number">13</Data></Cell>
    <Cell ss:Formula="=ABS(RC[-1]*3)"><Data ss:Type="Number">39</Data></Cell>
    <Cell ss:Formula="=MAX(RC[-2],RC[-1])"><Data ss:Type="Number">39</Data></Cell>
   </Row>
   <Row ss:AutoFitHeight="0">
    <Cell ss:Formula="=R[-1]C+2"><Data ss:Type="Number">15</Data></Cell>
    <Cell ss:Formula="=ABS(RC[-1]*3)"><Data ss:Type="Number">45</Data></Cell>
    <Cell ss:Formula="=MAX(RC[-2],RC[-1])"><Data ss:Type="Number">45</Data></Cell>
   </Row>
  </Table>
  <WorksheetOptions xmlns="urn:schemas-microsoft-com:office:excel">
   <PageSetup>
    <Header x:Margin="0.3"/>
    <Footer x:Margin="0.3"/>
    <PageMargins x:Bottom="0.75" x:Left="0.7" x:Right="0.7" x:Top="0.75"/>
   </PageSetup>
   <Unsynced/>
   <Panes>
    <Pane>
     <Number>3</Number>
     <RangeSelection>C1:C3</RangeSelection>
    </Pane>
   </Panes>
   <ProtectObjects>False</ProtectObjects>
   <ProtectScenarios>False</ProtectScenarios>
  </WorksheetOptions>
 </Worksheet>
 <Worksheet ss:Name="List-2">
  <Table ss:ExpandedColumnCount="3" ss:ExpandedRowCount="9" x:FullColumns="1"
   x:FullRows="1" ss:DefaultColumnWidth="51.512195121951223"
   ss:DefaultRowHeight="14.487804878048781">
   <Column ss:StyleID="s62" ss:Span="2"/>
   <Row ss:AutoFitHeight="0">
    <Cell><Data ss:Type="String">A</Data></Cell>
    <Cell><Data ss:Type="String">B</Data></Cell>
    <Cell><Data ss:Type="String">C</Data></Cell>
   </Row>
   <Row ss:AutoFitHeight="0">
    <Cell><Data ss:Type="Number">1</Data></Cell>
    <Cell ss:Formula="=ABS(RC[-1]*3)"><Data ss:Type="Number">3</Data></Cell>
    <Cell ss:Formula="=MAX(RC[-2],RC[-1])"><Data ss:Type="Number">3</Data></Cell>
   </Row>
   <Row ss:AutoFitHeight="0">
    <Cell ss:Formula="=R[-1]C+2"><Data ss:Type="Number">3</Data></Cell>
    <Cell ss:Formula="=ABS(RC[-1]*3)"><Data ss:Type="Number">9</Data></Cell>
    <Cell ss:Formula="=MAX(RC[-2],RC[-1])"><Data ss:Type="Number">9</Data></Cell>
   </Row>
   <Row ss:AutoFitHeight="0">
    <Cell ss:Formula="=R[-1]C+2"><Data ss:Type="Number">5</Data></Cell>
    <Cell ss:Formula="=ABS(RC[-1]*3)"><Data ss:Type="Number">15</Data></Cell>
    <Cell ss:Formula="=MAX(RC[-2],RC[-1])"><Data ss:Type="Number">15</Data></Cell>
   </Row>
   <Row ss:AutoFitHeight="0">
    <Cell ss:Formula="=R[-1]C+2"><Data ss:Type="Number">7</Data></Cell>
    <Cell ss:Formula="=ABS(RC[-1]*3)"><Data ss:Type="Number">21</Data></Cell>
    <Cell ss:Formula="=MAX(RC[-2],RC[-1])"><Data ss:Type="Number">21</Data></Cell>
   </Row>
   <Row ss:AutoFitHeight="0">
    <Cell ss:Formula="=R[-1]C+2"><Data ss:Type="Number">9</Data></Cell>
    <Cell ss:Formula="=ABS(RC[-1]*3)"><Data ss:Type="Number">27</Data></Cell>
    <Cell ss:Formula="=MAX(RC[-2],RC[-1])"><Data ss:Type="Number">27</Data></Cell>
   </Row>
   <Row ss:AutoFitHeight="0">
    <Cell ss:Formula="=R[-1]C+2"><Data ss:Type="Number">11</Data></Cell>
    <Cell ss:Formula="=ABS(RC[-1]*3)"><Data ss:Type="Number">33</Data></Cell>
    <Cell ss:Formula="=MAX(RC[-2],RC[-1])"><Data ss:Type="Number">33</Data></Cell>
   </Row>
   <Row ss:AutoFitHeight="0">
    <Cell ss:Formula="=R[-1]C+2"><Data ss:Type="Number">13</Data></Cell>
    <Cell ss:Formula="=ABS(RC[-1]*3)"><Data ss:Type="Number">39</Data></Cell>
    <Cell ss:Formula="=MAX(RC[-2],RC[-1])"><Data ss:Type="Number">39</Data></Cell>
   </Row>
   <Row ss:AutoFitHeight="0">
    <Cell ss:Formula="=R[-1]C+2"><Data ss:Type="Number">15</Data></Cell>
    <Cell ss:Formula="=ABS(RC[-1]*3)"><Data ss:Type="Number">45</Data></Cell>
    <Cell ss:Formula="=MAX(RC[-2],RC[-1])"><Data ss:Type="Number">45</Data></Cell>
   </Row>
  </Table>
  <WorksheetOptions xmlns="urn:schemas-microsoft-com:office:excel">
   <PageSetup>
    <Header x:Margin="0.3"/>
    <Footer x:Margin="0.3"/>
    <PageMargins x:Bottom="0.75" x:Left="0.7" x:Right="0.7" x:Top="0.75"/>
   </PageSetup>
   <Unsynced/>
   <Panes>
    <Pane>
     <Number>3</Number>
     <RangeSelection>C1:C3</RangeSelection>
    </Pane>
   </Panes>
   <ProtectObjects>False</ProtectObjects>
   <ProtectScenarios>False</ProtectScenarios>
  </WorksheetOptions>
 </Worksheet>
 <Worksheet ss:Name="List-3">
  <Table ss:ExpandedColumnCount="4" ss:ExpandedRowCount="9" x:FullColumns="1"
   x:FullRows="1" ss:DefaultColumnWidth="51.512195121951223"
   ss:DefaultRowHeight="14.780487804878049">
   <Column ss:StyleID="s62" ss:Span="2"/>
   <Row ss:AutoFitHeight="0">
    <Cell><Data ss:Type="String">A</Data></Cell>
    <Cell><Data ss:Type="String">B</Data></Cell>
    <Cell><Data ss:Type="String">C</Data></Cell>
    <Cell ss:StyleID="s62"><Data ss:Type="String">D</Data></Cell>
   </Row>
   <Row ss:AutoFitHeight="0">
    <Cell><Data ss:Type="Number">1</Data></Cell>
    <Cell ss:Formula="=ABS(RC[-1]*3)"><Data ss:Type="Number">3</Data></Cell>
    <Cell ss:Formula="=MAX(RC[-2],RC[-1])"><Data ss:Type="Number">3</Data></Cell>
    <Cell><Data ss:Type="String">A/a</Data></Cell>
   </Row>
   <Row ss:AutoFitHeight="0">
    <Cell ss:Formula="=R[-1]C+2"><Data ss:Type="Number">3</Data></Cell>
    <Cell ss:Formula="=ABS(RC[-1]*3)"><Data ss:Type="Number">9</Data></Cell>
    <Cell ss:Formula="=MAX(RC[-2],RC[-1])"><Data ss:Type="Number">9</Data></Cell>
    <Cell><Data ss:Type="String">A\a</Data></Cell>
   </Row>
   <Row ss:AutoFitHeight="0">
    <Cell ss:Formula="=R[-1]C+2"><Data ss:Type="Number">5</Data></Cell>
    <Cell ss:Formula="=ABS(RC[-1]*3)"><Data ss:Type="Number">15</Data></Cell>
    <Cell ss:Formula="=MAX(RC[-2],RC[-1])"><Data ss:Type="Number">15</Data></Cell>
    <Cell><Data ss:Type="String">A&lt;&gt;a</Data></Cell>
   </Row>
   <Row ss:AutoFitHeight="0">
    <Cell ss:Formula="=R[-1]C+2"><Data ss:Type="Number">7</Data></Cell>
    <Cell ss:Formula="=ABS(RC[-1]*3)"><Data ss:Type="Number">21</Data></Cell>
    <Cell ss:Formula="=MAX(RC[-2],RC[-1])"><Data ss:Type="Number">21</Data></Cell>
   </Row>
   <Row ss:AutoFitHeight="0">
    <Cell ss:Formula="=R[-1]C+2"><Data ss:Type="Number">9</Data></Cell>
    <Cell ss:Formula="=ABS(RC[-1]*3)"><Data ss:Type="Number">27</Data></Cell>
    <Cell ss:Formula="=MAX(RC[-2],RC[-1])"><Data ss:Type="Number">27</Data></Cell>
   </Row>
   <Row ss:AutoFitHeight="0">
    <Cell ss:Formula="=R[-1]C+2"><Data ss:Type="Number">11</Data></Cell>
    <Cell ss:Formula="=ABS(RC[-1]*3)"><Data ss:Type="Number">33</Data></Cell>
    <Cell ss:Formula="=MAX(RC[-2],RC[-1])"><Data ss:Type="Number">33</Data></Cell>
   </Row>
   <Row ss:AutoFitHeight="0">
    <Cell ss:Formula="=R[-1]C+2"><Data ss:Type="Number">13</Data></Cell>
    <Cell ss:Formula="=ABS(RC[-1]*3)"><Data ss:Type="Number">39</Data></Cell>
    <Cell ss:Formula="=MAX(RC[-2],RC[-1])"><Data ss:Type="Number">39</Data></Cell>
   </Row>
   <Row ss:AutoFitHeight="0">
    <Cell ss:Formula="=R[-1]C+2"><Data ss:Type="Number">15</Data></Cell>
    <Cell ss:Formula="=ABS(RC[-1]*3)"><Data ss:Type="Number">45</Data></Cell>
    <Cell ss:Formula="=MAX(RC[-2],RC[-1])"><Data ss:Type="Number">45</Data></Cell>
   </Row>
  </Table>
  <WorksheetOptions xmlns="urn:schemas-microsoft-com:office:excel">
   <PageSetup>
    <Header x:Margin="0.3"/>
    <Footer x:Margin="0.3"/>
    <PageMargins x:Bottom="0.75" x:Left="0.7" x:Right="0.7" x:Top="0.75"/>
   </PageSetup>
   <Unsynced/>
   <Selected/>
   <Panes>
    <Pane>
     <Number>3</Number>
     <ActiveRow>5</ActiveRow>
     <ActiveCol>3</ActiveCol>
    </Pane>
   </Panes>
   <ProtectObjects>False</ProtectObjects>
   <ProtectScenarios>False</ProtectScenarios>
  </WorksheetOptions>
 </Worksheet>
</Workbook>
